<?xml version="1.0" encoding="UTF-8"?>
<!-- Generated by org.testng.reporters.JUnitReportReporter -->
<testsuite hostname="LAPTOP-HCFTMFAH" failures="0" tests="4" name="TestNGDependency.DependOnGroups" time="0.012" errors="0" timestamp="2022-11-05T11:17:16 EDT" skipped="0">
  <testcase classname="TestNGDependency.DependOnGroups" name="enterUserName" time="0.009"/>
  <system-out/>
  <testcase classname="TestNGDependency.DependOnGroups" name="enterPassword" time="0.001"/>
  <system-out/>
  <testcase classname="TestNGDependency.DependOnGroups" name="login" time="0.001"/>
  <system-out/>
  <testcase classname="TestNGDependency.DependOnGroups" name="homePage" time="0.001"/>
  <system-out/>
</testsuite> <!-- TestNGDependency.DependOnGroups -->
