<?xml version="1.0" encoding="UTF-8"?>
<!-- Generated by org.testng.reporters.JUnitReportReporter -->
<testsuite hostname="LAPTOP-HCFTMFAH" failures="0" tests="2" name="TestNGAnnotation.Annotation1" time="0.865" errors="0" timestamp="2022-11-06T08:41:36 EST" skipped="0">
  <testcase classname="TestNGAnnotation.Annotation1" name="test1" time="0.547"/>
  <system-out/>
  <testcase classname="TestNGAnnotation.Annotation1" name="test2" time="0.318"/>
  <system-out/>
</testsuite> <!-- TestNGAnnotation.Annotation1 -->
