<?xml version="1.0" encoding="UTF-8"?>
<!-- Generated by org.testng.reporters.JUnitReportReporter -->
<testsuite hostname="LAPTOP-HCFTMFAH" failures="0" tests="1" name="TestNGassertion.SoftTest" time="5.464" errors="0" timestamp="2022-11-22T14:43:39 EST" skipped="0">
  <testcase classname="TestNGassertion.SoftTest" name="SimpleSoftTest" time="5.464"/>
  <system-out/>
</testsuite> <!-- TestNGassertion.SoftTest -->
