<?xml version="1.0" encoding="UTF-8"?>
<!-- Generated by org.testng.reporters.JUnitReportReporter -->
<testsuite hostname="LAPTOP-HCFTMFAH" failures="0" tests="6" name="TestNGDependency.RealTime" time="9.560" errors="0" timestamp="2022-10-30T11:00:34 EDT" skipped="0">
  <testcase classname="TestNGDependency.RealTime" name="visiting" time="3.297"/>
  <system-out/>
  <testcase classname="TestNGDependency.RealTime" name="max" time="0.233"/>
  <system-out/>
  <testcase classname="TestNGDependency.RealTime" name="refresh" time="0.574"/>
  <system-out/>
  <testcase classname="TestNGDependency.RealTime" name="refresh" time="0.201"/>
  <system-out/>
  <testcase classname="TestNGDependency.RealTime" name="clicking" time="1.441"/>
  <system-out/>
  <testcase classname="TestNGDependency.RealTime" name="closing" time="3.814"/>
  <system-out/>
</testsuite> <!-- TestNGDependency.RealTime -->
