<?xml version="1.0" encoding="UTF-8"?>
<!-- Generated by org.testng.reporters.JUnitReportReporter -->
<testsuite hostname="LAPTOP-HCFTMFAH" failures="0" tests="2" name="TestNGDependency.TestNGDepend" time="0.012" errors="0" timestamp="2022-10-30T10:43:35 EDT" skipped="0">
  <testcase classname="TestNGDependency.TestNGDepend" name="visiting" time="0.011"/>
  <system-out/>
  <testcase classname="TestNGDependency.TestNGDepend" name="login" time="0.001"/>
  <system-out/>
</testsuite> <!-- TestNGDependency.TestNGDepend -->
