<?xml version="1.0" encoding="UTF-8"?>
<!-- Generated by org.testng.reporters.JUnitReportReporter -->
<testsuite hostname="LAPTOP-HCFTMFAH" failures="0" tests="7" name="TestNGAtributes.TestNG1" time="0.024" errors="0" timestamp="2022-11-05T11:11:19 EDT" skipped="1">
  <testcase classname="TestNGAtributes.TestNG1" name="test2" time="0.012"/>
  <system-out/>
  <testcase classname="TestNGAtributes.TestNG1" name="ab" time="0.002"/>
  <system-out/>
  <testcase classname="TestNGAtributes.TestNG1" name="Test4" time="0.002"/>
  <system-out/>
  <testcase classname="TestNGAtributes.TestNG1" name="Test4" time="0.002"/>
  <system-out/>
  <testcase classname="TestNGAtributes.TestNG1" name="Test4" time="0.004"/>
  <system-out/>
  <testcase classname="TestNGAtributes.TestNG1" name="Test4" time="0.002"/>
  <system-out/>
  <testcase classname="TestNGAtributes.TestNG1" name="test1">
    <skipped/>
  </testcase> <!-- test1 -->
  <system-out/>
</testsuite> <!-- TestNGAtributes.TestNG1 -->
