<?xml version="1.0" encoding="UTF-8"?>
<!-- Generated by org.testng.reporters.JUnitReportReporter -->
<testsuite hostname="LAPTOP-HCFTMFAH" failures="0" tests="1" name="TestNGassertion.TestNGaccert" time="4.059" errors="0" timestamp="2022-11-05T10:17:23 EDT" skipped="0">
  <testcase classname="TestNGassertion.TestNGaccert" name="HardTest" time="4.059"/>
  <system-out/>
</testsuite> <!-- TestNGassertion.TestNGaccert -->
