<?xml version="1.0" encoding="UTF-8"?>
<!-- Generated by org.testng.reporters.JUnitReportReporter -->
<testsuite hostname="LAPTOP-HCFTMFAH" failures="0" tests="1" name="TestNGAtributes.TestNG2" time="1.027" errors="0" timestamp="2022-11-05T11:15:05 EDT" skipped="0">
  <testcase classname="TestNGAtributes.TestNG2" name="setOwnTiming" time="1.027"/>
  <system-out/>
</testsuite> <!-- TestNGAtributes.TestNG2 -->
