<?xml version="1.0" encoding="UTF-8"?>
<!-- Generated by org.testng.reporters.JUnitReportReporter -->
<testsuite hostname="LAPTOP-HCFTMFAH" failures="0" tests="1" name="TestNGwaits.wait2" time="3.937" errors="0" timestamp="2022-11-06T07:42:51 EST" skipped="0">
  <testcase classname="TestNGwaits.wait2" name="explicitWait" time="3.937"/>
  <system-out/>
</testsuite> <!-- TestNGwaits.wait2 -->
